<?xml version="1.0" encoding="UTF-8"?>
<testsuite xmlns:xsi="http://www.w3.org/2001/XMLSchema-instance" xsi:noNamespaceSchemaLocation="https://maven.apache.org/surefire/maven-surefire-plugin/xsd/surefire-test-report.xsd" version="3.0.1" name="com.mycompany.app.dao.MemberDAOImplTest" time="0.027" tests="6" errors="6" skipped="0" failures="0">
  <properties>
    <property name="java.specification.version" value="17"/>
    <property name="sun.jnu.encoding" value="UTF-8"/>
    <property name="java.class.path" value="/home/midepeter/learning/Moniepoint/my-app/target/test-classes:/home/midepeter/learning/Moniepoint/my-app/target/classes:/home/midepeter/.m2/repository/org/junit/jupiter/junit-jupiter-api/5.11.0/junit-jupiter-api-5.11.0.jar:/home/midepeter/.m2/repository/org/opentest4j/opentest4j/1.3.0/opentest4j-1.3.0.jar:/home/midepeter/.m2/repository/org/junit/platform/junit-platform-commons/1.11.0/junit-platform-commons-1.11.0.jar:/home/midepeter/.m2/repository/org/apiguardian/apiguardian-api/1.1.2/apiguardian-api-1.1.2.jar:/home/midepeter/.m2/repository/org/junit/jupiter/junit-jupiter-params/5.11.0/junit-jupiter-params-5.11.0.jar:/home/midepeter/.m2/repository/org/hibernate/orm/hibernate-core/6.4.2.Final/hibernate-core-6.4.2.Final.jar:/home/midepeter/.m2/repository/jakarta/persistence/jakarta.persistence-api/3.1.0/jakarta.persistence-api-3.1.0.jar:/home/midepeter/.m2/repository/jakarta/transaction/jakarta.transaction-api/2.0.1/jakarta.transaction-api-2.0.1.jar:/home/midepeter/.m2/repository/org/jboss/logging/jboss-logging/3.5.0.Final/jboss-logging-3.5.0.Final.jar:/home/midepeter/.m2/repository/org/hibernate/common/hibernate-commons-annotations/6.0.6.Final/hibernate-commons-annotations-6.0.6.Final.jar:/home/midepeter/.m2/repository/io/smallrye/jandex/3.1.2/jandex-3.1.2.jar:/home/midepeter/.m2/repository/com/fasterxml/classmate/1.5.1/classmate-1.5.1.jar:/home/midepeter/.m2/repository/net/bytebuddy/byte-buddy/1.14.7/byte-buddy-1.14.7.jar:/home/midepeter/.m2/repository/jakarta/xml/bind/jakarta.xml.bind-api/4.0.0/jakarta.xml.bind-api-4.0.0.jar:/home/midepeter/.m2/repository/jakarta/activation/jakarta.activation-api/2.1.0/jakarta.activation-api-2.1.0.jar:/home/midepeter/.m2/repository/org/glassfish/jaxb/jaxb-runtime/4.0.2/jaxb-runtime-4.0.2.jar:/home/midepeter/.m2/repository/org/glassfish/jaxb/jaxb-core/4.0.2/jaxb-core-4.0.2.jar:/home/midepeter/.m2/repository/org/eclipse/angus/angus-activation/2.0.0/angus-activation-2.0.0.jar:/home/midepeter/.m2/repository/org/glassfish/jaxb/txw2/4.0.2/txw2-4.0.2.jar:/home/midepeter/.m2/repository/com/sun/istack/istack-commons-runtime/4.1.1/istack-commons-runtime-4.1.1.jar:/home/midepeter/.m2/repository/jakarta/inject/jakarta.inject-api/2.0.1/jakarta.inject-api-2.0.1.jar:/home/midepeter/.m2/repository/org/antlr/antlr4-runtime/4.13.0/antlr4-runtime-4.13.0.jar:/home/midepeter/.m2/repository/org/postgresql/postgresql/42.7.5/postgresql-42.7.5.jar:/home/midepeter/.m2/repository/org/checkerframework/checker-qual/3.48.3/checker-qual-3.48.3.jar:"/>
    <property name="java.vm.vendor" value="Amazon.com Inc."/>
    <property name="sun.arch.data.model" value="64"/>
    <property name="java.vendor.url" value="https://aws.amazon.com/corretto/"/>
    <property name="os.name" value="Linux"/>
    <property name="java.vm.specification.version" value="17"/>
    <property name="sun.java.launcher" value="SUN_STANDARD"/>
    <property name="sun.boot.library.path" value="/home/midepeter/.sdkman/candidates/java/17.0.5-amzn/lib"/>
    <property name="sun.java.command" value="/home/midepeter/learning/Moniepoint/my-app/target/surefire/surefirebooter-20250316133849232_3.jar /home/midepeter/learning/Moniepoint/my-app/target/surefire 2025-03-16T13-38-49_041-jvmRun1 surefire-20250316133849232_1tmp surefire_0-20250316133849232_2tmp"/>
    <property name="jdk.debug" value="release"/>
    <property name="surefire.test.class.path" value="/home/midepeter/learning/Moniepoint/my-app/target/test-classes:/home/midepeter/learning/Moniepoint/my-app/target/classes:/home/midepeter/.m2/repository/org/junit/jupiter/junit-jupiter-api/5.11.0/junit-jupiter-api-5.11.0.jar:/home/midepeter/.m2/repository/org/opentest4j/opentest4j/1.3.0/opentest4j-1.3.0.jar:/home/midepeter/.m2/repository/org/junit/platform/junit-platform-commons/1.11.0/junit-platform-commons-1.11.0.jar:/home/midepeter/.m2/repository/org/apiguardian/apiguardian-api/1.1.2/apiguardian-api-1.1.2.jar:/home/midepeter/.m2/repository/org/junit/jupiter/junit-jupiter-params/5.11.0/junit-jupiter-params-5.11.0.jar:/home/midepeter/.m2/repository/org/hibernate/orm/hibernate-core/6.4.2.Final/hibernate-core-6.4.2.Final.jar:/home/midepeter/.m2/repository/jakarta/persistence/jakarta.persistence-api/3.1.0/jakarta.persistence-api-3.1.0.jar:/home/midepeter/.m2/repository/jakarta/transaction/jakarta.transaction-api/2.0.1/jakarta.transaction-api-2.0.1.jar:/home/midepeter/.m2/repository/org/jboss/logging/jboss-logging/3.5.0.Final/jboss-logging-3.5.0.Final.jar:/home/midepeter/.m2/repository/org/hibernate/common/hibernate-commons-annotations/6.0.6.Final/hibernate-commons-annotations-6.0.6.Final.jar:/home/midepeter/.m2/repository/io/smallrye/jandex/3.1.2/jandex-3.1.2.jar:/home/midepeter/.m2/repository/com/fasterxml/classmate/1.5.1/classmate-1.5.1.jar:/home/midepeter/.m2/repository/net/bytebuddy/byte-buddy/1.14.7/byte-buddy-1.14.7.jar:/home/midepeter/.m2/repository/jakarta/xml/bind/jakarta.xml.bind-api/4.0.0/jakarta.xml.bind-api-4.0.0.jar:/home/midepeter/.m2/repository/jakarta/activation/jakarta.activation-api/2.1.0/jakarta.activation-api-2.1.0.jar:/home/midepeter/.m2/repository/org/glassfish/jaxb/jaxb-runtime/4.0.2/jaxb-runtime-4.0.2.jar:/home/midepeter/.m2/repository/org/glassfish/jaxb/jaxb-core/4.0.2/jaxb-core-4.0.2.jar:/home/midepeter/.m2/repository/org/eclipse/angus/angus-activation/2.0.0/angus-activation-2.0.0.jar:/home/midepeter/.m2/repository/org/glassfish/jaxb/txw2/4.0.2/txw2-4.0.2.jar:/home/midepeter/.m2/repository/com/sun/istack/istack-commons-runtime/4.1.1/istack-commons-runtime-4.1.1.jar:/home/midepeter/.m2/repository/jakarta/inject/jakarta.inject-api/2.0.1/jakarta.inject-api-2.0.1.jar:/home/midepeter/.m2/repository/org/antlr/antlr4-runtime/4.13.0/antlr4-runtime-4.13.0.jar:/home/midepeter/.m2/repository/org/postgresql/postgresql/42.7.5/postgresql-42.7.5.jar:/home/midepeter/.m2/repository/org/checkerframework/checker-qual/3.48.3/checker-qual-3.48.3.jar:"/>
    <property name="sun.cpu.endian" value="little"/>
    <property name="user.home" value="/home/midepeter"/>
    <property name="user.language" value="en"/>
    <property name="java.specification.vendor" value="Oracle Corporation"/>
    <property name="java.version.date" value="2022-10-18"/>
    <property name="java.home" value="/home/midepeter/.sdkman/candidates/java/17.0.5-amzn"/>
    <property name="file.separator" value="/"/>
    <property name="basedir" value="/home/midepeter/learning/Moniepoint/my-app"/>
    <property name="java.vm.compressedOopsMode" value="32-bit"/>
    <property name="line.separator" value="&#10;"/>
    <property name="java.vm.specification.vendor" value="Oracle Corporation"/>
    <property name="java.specification.name" value="Java Platform API Specification"/>
    <property name="surefire.real.class.path" value="/home/midepeter/learning/Moniepoint/my-app/target/surefire/surefirebooter-20250316133849232_3.jar"/>
    <property name="sun.management.compiler" value="HotSpot 64-Bit Tiered Compilers"/>
    <property name="java.runtime.version" value="17.0.5+8-LTS"/>
    <property name="user.name" value="midepeter"/>
    <property name="path.separator" value=":"/>
    <property name="os.version" value="5.15.146.1-microsoft-standard-WSL2"/>
    <property name="java.runtime.name" value="OpenJDK Runtime Environment"/>
    <property name="file.encoding" value="UTF-8"/>
    <property name="java.vm.name" value="OpenJDK 64-Bit Server VM"/>
    <property name="java.vendor.version" value="Corretto-17.0.5.8.1"/>
    <property name="localRepository" value="/home/midepeter/.m2/repository"/>
    <property name="java.vendor.url.bug" value="https://github.com/corretto/corretto-17/issues/"/>
    <property name="java.io.tmpdir" value="/tmp"/>
    <property name="java.version" value="17.0.5"/>
    <property name="user.dir" value="/home/midepeter/learning/Moniepoint/my-app"/>
    <property name="os.arch" value="amd64"/>
    <property name="java.vm.specification.name" value="Java Virtual Machine Specification"/>
    <property name="native.encoding" value="UTF-8"/>
    <property name="java.library.path" value="/usr/java/packages/lib:/usr/lib64:/lib64:/lib:/usr/lib"/>
    <property name="java.vm.info" value="mixed mode, sharing"/>
    <property name="java.vendor" value="Amazon.com Inc."/>
    <property name="java.vm.version" value="17.0.5+8-LTS"/>
    <property name="sun.io.unicode.encoding" value="UnicodeLittle"/>
    <property name="java.class.version" value="61.0"/>
  </properties>
  <testcase name="testDeleteMemberSuccessful" classname="com.mycompany.app.dao.MemberDAOImplTest" time="0.005">
    <error message="Cannot invoke &quot;java.sql.Connection.prepareStatement(String)&quot; because &quot;this.conn&quot; is null" type="java.lang.NullPointerException"><![CDATA[java.lang.NullPointerException: Cannot invoke "java.sql.Connection.prepareStatement(String)" because "this.conn" is null
	at com.mycompany.app.dao.MemberDAOImpl.deleteMember(MemberDAOImpl.java:49)
	at com.mycompany.app.dao.MemberDAOImplTest.testDeleteMemberSuccessful(MemberDAOImplTest.java:54)
	at java.base/java.lang.reflect.Method.invoke(Method.java:568)
	at java.base/java.util.ArrayList.forEach(ArrayList.java:1511)
	at java.base/java.util.ArrayList.forEach(ArrayList.java:1511)
]]></error>
  </testcase>
  <testcase name="testUpdateMemberSuccessful" classname="com.mycompany.app.dao.MemberDAOImplTest" time="0.003">
    <error message="Cannot invoke &quot;java.sql.Connection.prepareStatement(String)&quot; because &quot;this.conn&quot; is null" type="java.lang.NullPointerException"><![CDATA[java.lang.NullPointerException: Cannot invoke "java.sql.Connection.prepareStatement(String)" because "this.conn" is null
	at com.mycompany.app.dao.MemberDAOImpl.updateMember(MemberDAOImpl.java:35)
	at com.mycompany.app.dao.MemberDAOImplTest.testUpdateMemberSuccessful(MemberDAOImplTest.java:41)
	at java.base/java.lang.reflect.Method.invoke(Method.java:568)
	at java.base/java.util.ArrayList.forEach(ArrayList.java:1511)
	at java.base/java.util.ArrayList.forEach(ArrayList.java:1511)
]]></error>
  </testcase>
  <testcase name="testGetMemberByIdNotFound" classname="com.mycompany.app.dao.MemberDAOImplTest" time="0.002">
    <error message="Cannot invoke &quot;java.sql.Connection.prepareStatement(String)&quot; because &quot;this.conn&quot; is null" type="java.lang.NullPointerException"><![CDATA[java.lang.NullPointerException: Cannot invoke "java.sql.Connection.prepareStatement(String)" because "this.conn" is null
	at com.mycompany.app.dao.MemberDAOImpl.getMemberById(MemberDAOImpl.java:80)
	at com.mycompany.app.dao.MemberDAOImplTest.testGetMemberByIdNotFound(MemberDAOImplTest.java:90)
	at java.base/java.lang.reflect.Method.invoke(Method.java:568)
	at java.base/java.util.ArrayList.forEach(ArrayList.java:1511)
	at java.base/java.util.ArrayList.forEach(ArrayList.java:1511)
]]></error>
  </testcase>
  <testcase name="testGetMemberById" classname="com.mycompany.app.dao.MemberDAOImplTest" time="0.002">
    <error message="Cannot invoke &quot;java.sql.Connection.prepareStatement(String)&quot; because &quot;this.conn&quot; is null" type="java.lang.NullPointerException"><![CDATA[java.lang.NullPointerException: Cannot invoke "java.sql.Connection.prepareStatement(String)" because "this.conn" is null
	at com.mycompany.app.dao.MemberDAOImpl.addMember(MemberDAOImpl.java:22)
	at com.mycompany.app.dao.MemberDAOImplTest.testGetMemberById(MemberDAOImplTest.java:76)
	at java.base/java.lang.reflect.Method.invoke(Method.java:568)
	at java.base/java.util.ArrayList.forEach(ArrayList.java:1511)
	at java.base/java.util.ArrayList.forEach(ArrayList.java:1511)
]]></error>
  </testcase>
  <testcase name="testGetAllMembersNoMemberFound" classname="com.mycompany.app.dao.MemberDAOImplTest" time="0.004">
    <error message="Cannot invoke &quot;java.sql.Connection.prepareStatement(String)&quot; because &quot;this.conn&quot; is null" type="java.lang.NullPointerException"><![CDATA[java.lang.NullPointerException: Cannot invoke "java.sql.Connection.prepareStatement(String)" because "this.conn" is null
	at com.mycompany.app.dao.MemberDAOImpl.getAllMembers(MemberDAOImpl.java:61)
	at com.mycompany.app.dao.MemberDAOImplTest.testGetAllMembersNoMemberFound(MemberDAOImplTest.java:63)
	at java.base/java.lang.reflect.Method.invoke(Method.java:568)
	at java.base/java.util.ArrayList.forEach(ArrayList.java:1511)
	at java.base/java.util.ArrayList.forEach(ArrayList.java:1511)
]]></error>
  </testcase>
  <testcase name="testAddMemberSuccessful" classname="com.mycompany.app.dao.MemberDAOImplTest" time="0.002">
    <error message="Cannot invoke &quot;java.sql.Connection.prepareStatement(String)&quot; because &quot;this.conn&quot; is null" type="java.lang.NullPointerException"><![CDATA[java.lang.NullPointerException: Cannot invoke "java.sql.Connection.prepareStatement(String)" because "this.conn" is null
	at com.mycompany.app.dao.MemberDAOImpl.addMember(MemberDAOImpl.java:22)
	at com.mycompany.app.dao.MemberDAOImplTest.testAddMemberSuccessful(MemberDAOImplTest.java:23)
	at java.base/java.lang.reflect.Method.invoke(Method.java:568)
	at java.base/java.util.ArrayList.forEach(ArrayList.java:1511)
	at java.base/java.util.ArrayList.forEach(ArrayList.java:1511)
]]></error>
  </testcase>
</testsuite>